[LOG] System::create                           : Header version = 2.01.11. Current version = 2.01.11.
[LOG] Manager::init                            : maxchannels = 256 studioflags = 00000006 flags 00000000 extradriverdata 0000000000000000.
[LOG] SystemI::init                            : Initialize version=20111 (118066), maxchannels=256, flags=0x00020000
[LOG] SystemI::setOutputInternal               : Setting output to 'FMOD WASAPI Output'
[LOG] OutputWASAPI::init                       : Mix Format (WAVEFORMATEX): wFormatTag=0xFFFE, nChannels=2, nSamplesPerSec=44100, nAvgBytesPerSec=352800, nBlockAlign=8, wBitsPerSample=32, cbSize=22.
[LOG] OutputWASAPI::init                       : Mix Format (WAVEFORMATEXTENSIBLE): wValidBitsPerSample=32, dwChannelMask=0x00000003, SubFormat=00000003-0000-0010-8000-00AA00389B71.
[LOG] OutputWASAPI::init                       : Output buffer size: 3760 samples, latency: 0.00ms, period: 10.16ms, DSP buffer: 1024 * 4
[LOG] SystemI::init                            : Output requires a sample rate of 44100Hz, resampling will occur.
[LOG] Thread::initThread                       : Init FMOD stream thread. Affinity: 0x8000000000000003, Priority: 0xFFFF7FFB, Stack Size: 98304, Semaphore: No, Sleep Time: 10, Looping: Yes.
[LOG] Thread::initThread                       : Init FMOD mixer thread. Affinity: 0x8000000000000001, Priority: 0xFFFF7FFA, Stack Size: 81920, Semaphore: No, Sleep Time: 0, Looping: Yes.
[LOG] AsyncManager::init                       : manager 000001A5549F68F8 isAsync 0 updatePeriod 0.02
[LOG] AsyncManager::init                       : done
[LOG] PlaybackSystem::init                     : 
[LOG] Thread::initThread                       : Init FMOD Studio sample load thread. Affinity: 0x8000000000000003, Priority: 0xFFFF7FFD, Stack Size: 98304, Semaphore: No, Sleep Time: 1, Looping: No.
[LOG] PlaybackSystem::init                     : done
[LOG] Thread::initThread                       : Init FMOD Studio bank load thread. Affinity: 0x8000000000000003, Priority: 0xFFFF7FFD, Stack Size: 98304, Semaphore: No, Sleep Time: 1, Looping: No.
[LOG] Manager::init                            : done.
[LOG] Manager::readBank                        : fileversion = 135, compatVersion = 132 (oldest = 44, newest = 135)
[LOG] Manager::readBank                        : fileversion = 135, compatVersion = 132 (oldest = 44, newest = 135)
[LOG] Manager::readBank                        : fileversion = 135, compatVersion = 132 (oldest = 44, newest = 135)
[LOG] PlaybackSystem::acquireMasterBus         : Setting master channel group format to 6
[LOG] SoundI::release                          :  (000001A453758CF8)
[LOG] SoundI::release                          :     sfx_orb_electric (000001A2F33C8178)
[LOG] SoundI::release                          :  (000001A453758E68)
[LOG] SoundI::release                          :     SFX_Water_LakeLap4(2) (000001A4A82E13E8)
[LOG] SoundI::release                          :  (000001A4A7BD3F28)
[LOG] SoundI::release                          :     SFX_Water_LakeLap4(3) (000001A4A82E1A68)
[LOG] SoundI::release                          :  (000001A55C225658)
[LOG] SoundI::release                          :     SFX_Water_LakeLap4(4) (000001A55C4BBFF8)
[LOG] SoundI::release                          :  (000001A55C225D88)
[LOG] SoundI::release                          :     SFX_Water_LakeLap4 (000001A55C4BC338)
[LOG] SoundI::release                          :  (000001A453759598)
[LOG] SoundI::release                          :     sfx_orb_water (000001A4A82E18C8)
[LOG] SoundI::release                          :  (000001A55C225AA8)
[LOG] SoundI::release                          :     sfx_orb_fire(2) (000001A55C4BC818)
[LOG] SoundI::release                          :  (000001A53264EE98)
[LOG] SoundI::release                          :     SFX_Rocks, Crash & Debris, Falling, Heavy, Dusty SND42667(2) (000001A556BA3DB8)
[LOG] SoundI::release                          :  (000001A4A7BD3C48)
[LOG] SoundI::release                          :     SFX_Rocks, Crash & Debris, Falling, Heavy, Dusty SND42667(5) (000001A4A82E1DA8)
[LOG] SoundI::release                          :  (000001A453759428)
[LOG] SoundI::release                          :     SFX_Rocks, Crash & Debris, Multiple Rocks Tumbling, Dusty SND42664 2(2) (000001A4A82E1728)
[LOG] SoundI::release                          :  (000001A55C225938)
[LOG] SoundI::release                          :     SFX_Rocks, Crash & Debris, Multiple Rocks Tumbling, Dusty SND42664 2 (000001A55C4BC9B8)
[LOG] SoundI::release                          :  (000001A4A7BD3968)
[LOG] SoundI::release                          :     sfx_orb_earth (000001A49FA63948)
[LOG] SoundI::release                          :  (000001A4A7BD37F8)
[LOG] SoundI::release                          :     SFX_Objects, Household, Cleaning, Cloth, Wet, Wring, Squeeze, Squelch, Rinse 01 SND21304(2) (000001A49FA63608)
[LOG] SoundI::release                          :  (000001A453758FD8)
[LOG] SoundI::release                          :     SFX_Objects, Household, Cleaning, Cloth, Wet, Wring, Squeeze, Squelch, Rinse 01 SND21304(3) (000001A2F33C7C98)
[LOG] SoundI::release                          :  (000001A55C2257C8)
[LOG] SoundI::release                          :     SFX_Objects, Household, Cleaning, Cloth, Wet, Wring, Squeeze, Squelch, Rinse 01 SND21304(4) (000001A49FA63AE8)
[LOG] SoundI::release                          :  (000001A4537592B8)
[LOG] SoundI::release                          :     SFX_Objects, Household, Cleaning, Cloth, Wet, Wring, Squeeze, Squelch, Rinse 01 SND21304(5) (000001A4A82E1248)
[LOG] SoundI::release                          :  (000001A4A7BD4378)
[LOG] SoundI::release                          :     SFX_Objects, Household, Cleaning, Cloth, Wet, Wring, Squeeze, Squelch, Rinse 01 SND21304 (000001A49FA637A8)
[LOG] SoundI::release                          :  (000001A4A7BD4098)
[LOG] SoundI::release                          :     SFX_Rocks, Movement, Sliding, Heavy SND42688 1(2) (000001A49FA63128)
[LOG] SoundI::release                          :  (000001A55C8770C8)
[LOG] SoundI::release                          :     SFX_Rocks, Movement, Sliding, Heavy SND42688 1 (000001A2F33C8318)
[LOG] SoundI::release                          :  (000001A4537588A8)
[LOG] SoundI::release                          :     SFX_Rocks, Movement, Slow, Crunchy SND42687(2) (000001A4A82E10A8)
[LOG] SoundI::release                          :  (000001A453759148)
[LOG] SoundI::release                          :     SFX_Rocks, Movement, Slow, Crunchy SND42687(3) (000001A4A82E1C08)
[LOG] SoundI::release                          :  (000001A453758B88)
[LOG] SoundI::release                          :     SFX_Rocks, Movement, Slow, Crunchy SND42687(4) (000001A2F33C87F8)
[LOG] SoundI::release                          :  (000001A55C225C18)
[LOG] SoundI::release                          :     SFX_Rocks, Movement, Slow, Crunchy SND42687 (000001A55C4BC198)
[LOG] SoundI::release                          :  (000001A55C225208)
[LOG] SoundI::release                          :     SFX_Cloth, Movement, Shorts, Walk, Fast SND16773 1(10) (000001A55C4BCB58)
[LOG] SoundI::release                          :  (000001A4A7BD4208)
[LOG] SoundI::release                          :     SFX_Cloth, Movement, Shorts, Walk, Fast SND16773 1(11) (000001A49FA63E28)
[LOG] SoundI::release                          :  (000001A4A7BD3DB8)
[LOG] SoundI::release                          :     SFX_Cloth, Movement, Shorts, Walk, Fast SND16773 1(12) (000001A49FA63C88)
[LOG] SoundI::release                          :  (000001A53264ED28)
[LOG] SoundI::release                          :     SFX_Cloth, Movement, Shorts, Walk, Fast SND16773 1(13) (000001A556BA40F8)
[LOG] SoundI::release                          :  (000001A55C2254E8)
[LOG] SoundI::release                          :     SFX_Cloth, Movement, Shorts, Walk, Fast SND16773 1(14) (000001A55C4BBE58)
[LOG] SoundI::release                          :  (000001A4A7BD3AD8)
[LOG] SoundI::release                          :     SFX_Cloth, Movement, Shorts, Walk, Fast SND16773 1(2) (000001A49FA632C8)
[LOG] SoundI::release                          :  (000001A55C225098)
[LOG] SoundI::release                          :     SFX_Cloth, Movement, Shorts, Walk, Fast SND16773 1(3) (000001A55C4BC678)
[LOG] SoundI::release                          :  (000001A453758A18)
[LOG] SoundI::release                          :     SFX_Cloth, Movement, Shorts, Walk, Fast SND16773 1(4) (000001A4A82E1588)
[LOG] SoundI::release                          :  (000001A55C877AD8)
[LOG] SoundI::release                          :     SFX_Cloth, Movement, Shorts, Walk, Fast SND16773 1(5) (000001A2F33C8658)
[LOG] SoundI::release                          :  (000001A4A7BD3688)
[LOG] SoundI::release                          :     SFX_Cloth, Movement, Shorts, Walk, Fast SND16773 1(6) (000001A49FA63468)
[LOG] SoundI::release                          :  (000001A55C877968)
[LOG] SoundI::release                          :     SFX_Cloth, Movement, Shorts, Walk, Fast SND16773 1(7) (000001A2F33C7FD8)
[LOG] SoundI::release                          :  (000001A55C225378)
[LOG] SoundI::release                          :     SFX_Cloth, Movement, Shorts, Walk, Fast SND16773 1(8) (000001A55C4BC4D8)
[LOG] SoundI::release                          :  (000001A55C877238)
[LOG] SoundI::release                          :     SFX_Cloth, Movement, Shorts, Walk, Fast SND16773 1(9) (000001A2F33C84B8)
[LOG] Thread::callback                         : FMOD Studio update thread finished.
[LOG] Thread::callback                         : FMOD Studio bank load thread finished.
[LOG] Profile::disconnectAll                   : Profiler disconnecting all clients
[LOG] Thread::callback                         : FMOD Studio sample load thread finished.
[LOG] LiveUpdate::release                      : 
[LOG] LiveUpdate::reset                        : Reset connection (reason Disconnected)
[LOG] Thread::callback                         : FMOD stream thread finished.
[LOG] Thread::callback                         : FMOD mixer thread finished.
[LOG] Profile::disconnectAll                   : Profiler disconnecting all clients
[LOG] SystemI::close                           : Closed.
